2013-06-06 13:30:48,221 bornprofiler INFO     BornProfiler STARTED logging to 'bornprofiler.log'
2013-06-06 14:34:26,755 bornprofiler INFO     BornProfiler STARTED logging to 'bornprofiler.log'
2013-06-06 14:34:26,758 bornprofiler INFO     Init successful: you now have the template directories under '/nfs/homes/lennard/.bornprofiler'.
2013-06-06 14:34:26,758 bornprofiler INFO     The package can also be customized by editing '/nfs/homes/lennard/.bornprofiler.cfg'.
2013-06-06 14:34:26,758 bornprofiler INFO     Questions and feedback: Oliver Beckstein <oliver.beckstein@bioch.ox.ac.uk>
2013-06-06 14:34:26,758 bornprofiler INFO     BornProfiler STOPPED logging
2013-09-17 02:51:21,741 bornprofiler INFO     BornProfiler STARTED logging to 'bornprofiler.log'
2013-09-17 02:51:21,742 bornprofiler INFO     Init successful: you now have the template directories under '/nfs/homes/lennard/.bornprofiler'.
2013-09-17 02:51:21,743 bornprofiler INFO     The package can also be customized by editing '/nfs/homes/lennard/.bornprofiler.cfg'.
2013-09-17 02:51:21,743 bornprofiler INFO     Questions and feedback: Oliver Beckstein <oliver.beckstein@bioch.ox.ac.uk>
2013-09-17 02:51:21,743 bornprofiler INFO     BornProfiler STOPPED logging
2013-09-17 02:56:41,569 bornprofiler INFO     BornProfiler STARTED logging to 'bornprofiler.log'
2013-09-17 02:56:41,571 bornprofiler INFO     Init successful: you now have the template directories under '/nfs/homes/lennard/.bornprofiler'.
2013-09-17 02:56:41,571 bornprofiler INFO     The package can also be customized by editing '/nfs/homes/lennard/.bornprofiler.cfg'.
2013-09-17 02:56:41,571 bornprofiler INFO     Questions and feedback: Oliver Beckstein <oliver.beckstein@bioch.ox.ac.uk>
2013-09-17 02:56:41,571 bornprofiler INFO     BornProfiler STOPPED logging
2013-09-17 03:19:12,340 bornprofiler INFO     BornProfiler STARTED logging to 'bornprofiler.log'
2013-09-17 03:19:12,342 bornprofiler INFO     Init successful: you now have the template directories under '/nfs/homes/lennard/.bornprofiler'.
2013-09-17 03:19:12,342 bornprofiler INFO     The package can also be customized by editing '/nfs/homes/lennard/.bornprofiler.cfg'.
2013-09-17 03:19:12,342 bornprofiler INFO     Questions and feedback: Oliver Beckstein <oliver.beckstein@bioch.ox.ac.uk>
2013-09-17 03:19:12,342 bornprofiler INFO     BornProfiler STOPPED logging
2013-09-17 03:53:43,133 bornprofiler INFO     BornProfiler STARTED logging to 'bornprofiler.log'
2013-09-17 03:53:43,135 bornprofiler INFO     Init successful: you now have the template directories under '/nfs/homes/lennard/.bornprofiler'.
2013-09-17 03:53:43,135 bornprofiler INFO     The package can also be customized by editing '/nfs/homes/lennard/.bornprofiler.cfg'.
2013-09-17 03:53:43,135 bornprofiler INFO     Questions and feedback: Oliver Beckstein <oliver.beckstein@bioch.ox.ac.uk>
2013-09-17 03:53:43,135 bornprofiler INFO     BornProfiler STOPPED logging
2013-09-17 04:36:32,736 bornprofiler INFO     BornProfiler STARTED logging to 'bornprofiler.log'
2013-09-17 04:36:32,738 bornprofiler INFO     Init successful: you now have the template directories under '/nfs/homes/lennard/.bornprofiler'.
2013-09-17 04:36:32,738 bornprofiler INFO     The package can also be customized by editing '/nfs/homes/lennard/.bornprofiler.cfg'.
2013-09-17 04:36:32,738 bornprofiler INFO     Questions and feedback: Oliver Beckstein <oliver.beckstein@bioch.ox.ac.uk>
2013-09-17 04:36:32,739 bornprofiler INFO     BornProfiler STOPPED logging
2013-09-17 04:39:36,265 bornprofiler INFO     BornProfiler STARTED logging to 'bornprofiler.log'
2013-09-17 04:39:36,266 bornprofiler INFO     Init successful: you now have the template directories under '/nfs/homes/lennard/.bornprofiler'.
2013-09-17 04:39:36,266 bornprofiler INFO     The package can also be customized by editing '/nfs/homes/lennard/.bornprofiler.cfg'.
2013-09-17 04:39:36,267 bornprofiler INFO     Questions and feedback: Oliver Beckstein <oliver.beckstein@bioch.ox.ac.uk>
2013-09-17 04:39:36,267 bornprofiler INFO     BornProfiler STOPPED logging
2013-09-17 04:42:27,027 bornprofiler INFO     BornProfiler STARTED logging to 'bornprofiler.log'
2013-09-17 04:42:27,029 bornprofiler INFO     Init successful: you now have the template directories under '/nfs/homes/lennard/.bornprofiler'.
2013-09-17 04:42:27,029 bornprofiler INFO     The package can also be customized by editing '/nfs/homes/lennard/.bornprofiler.cfg'.
2013-09-17 04:42:27,029 bornprofiler INFO     Questions and feedback: Oliver Beckstein <oliver.beckstein@bioch.ox.ac.uk>
2013-09-17 04:42:27,030 bornprofiler INFO     BornProfiler STOPPED logging
2013-09-17 14:17:08,454 bornprofiler INFO     BornProfiler STARTED logging to 'bornprofiler.log'
2013-09-17 14:17:08,456 bornprofiler INFO     Init successful: you now have the template directories under '/nfs/homes/lennard/.bornprofiler'.
2013-09-17 14:17:08,456 bornprofiler INFO     The package can also be customized by editing '/nfs/homes/lennard/.bornprofiler.cfg'.
2013-09-17 14:17:08,456 bornprofiler INFO     Questions and feedback: Oliver Beckstein <oliver.beckstein@bioch.ox.ac.uk>
2013-09-17 14:17:08,456 bornprofiler INFO     BornProfiler STOPPED logging
2013-09-17 21:42:34,452 bornprofiler INFO     BornProfiler STARTED logging to 'bornprofiler.log'
2013-09-17 21:42:34,453 bornprofiler INFO     Init successful: you now have the template directories under '/nfs/homes/lennard/.bornprofiler'.
2013-09-17 21:42:34,453 bornprofiler INFO     The package can also be customized by editing '/nfs/homes/lennard/.bornprofiler.cfg'.
2013-09-17 21:42:34,454 bornprofiler INFO     Questions and feedback: Oliver Beckstein <obeckste@asu.edu>
2013-09-17 21:42:34,454 bornprofiler INFO     BornProfiler STOPPED logging
